#
# There is insufficient memory for the Java Runtime Environment to continue.
# Native memory allocation (malloc) failed to allocate 160336 bytes for Chunk::new
# Possible reasons:
#   The system is out of physical RAM or swap space
#   In 32 bit mode, the process size limit was hit
# Possible solutions:
#   Reduce memory load on the system
#   Increase physical memory or swap space
#   Check if swap backing store is full
#   Use 64 bit Java on a 64 bit OS
#   Decrease Java heap size (-Xmx/-Xms)
#   Decrease number of Java threads
#   Decrease Java thread stack sizes (-Xss)
#   Set larger code cache with -XX:ReservedCodeCacheSize=
# This output file may be truncated or incomplete.
#
#  Out of Memory Error (allocation.cpp:323), pid=5236, tid=3972
#
# JRE version: Java(TM) SE Runtime Environment (7.0_67-b01) (build 1.7.0_67-b01)
# Java VM: Java HotSpot(TM) 64-Bit Server VM (24.65-b04 mixed mode windows-amd64 compressed oops)
# Failed to write core dump. Minidumps are not enabled by default on client versions of Windows
#

---------------  T H R E A D  ---------------

Current thread (0x0000000009d2e000):  JavaThread "C2 CompilerThread1" daemon [_thread_in_native, id=3972, stack(0x000000000b680000,0x000000000b780000)]

Stack: [0x000000000b680000,0x000000000b780000]
[error occurred during error reporting (printing stack bounds), id 0xc0000005]


Current CompileTask:
C2:  72450 1327             com.sun.org.apache.xerces.internal.impl.XMLScanner::scanAttributeValue (997 bytes)


---------------  P R O C E S S  ---------------

Java Threads: ( => current thread )
  0x000000000c784000 JavaThread "Thread-6" [_thread_in_native, id=4428, stack(0x0000000010ca0000,0x0000000010da0000)]
  0x000000000d00a000 JavaThread "FileSystemWatcher: files=#109 cl=java.net.URLClassLoader@5c442985" daemon [_thread_blocked, id=7084, stack(0x000000000ac00000,0x000000000ad00000)]
  0x000000000f8e7000 JavaThread "Thread-3" [_thread_in_native, id=6524, stack(0x000000000e660000,0x000000000e760000)]
  0x000000000d851800 JavaThread "Synchronizer (Spring UAA/1.0.1)" daemon [_thread_blocked, id=7128, stack(0x000000000d3f0000,0x000000000d4f0000)]
  0x0000000009d3f800 JavaThread "Service Thread" daemon [_thread_blocked, id=7048, stack(0x000000000b550000,0x000000000b650000)]
=>0x0000000009d2e000 JavaThread "C2 CompilerThread1" daemon [_thread_in_native, id=3972, stack(0x000000000b680000,0x000000000b780000)]
  0x0000000009d2d000 JavaThread "C2 CompilerThread0" daemon [_thread_blocked, id=4980, stack(0x000000000b3c0000,0x000000000b4c0000)]
  0x0000000008b3b800 JavaThread "Attach Listener" daemon [_thread_blocked, id=3652, stack(0x000000000b0c0000,0x000000000b1c0000)]
  0x0000000008b3a800 JavaThread "Signal Dispatcher" daemon [_thread_blocked, id=5904, stack(0x000000000b240000,0x000000000b340000)]
  0x00000000023ba800 JavaThread "Finalizer" daemon [_thread_blocked, id=4372, stack(0x000000000af90000,0x000000000b090000)]
  0x00000000023b9000 JavaThread "Reference Handler" daemon [_thread_blocked, id=1000, stack(0x000000000ae90000,0x000000000af90000)]
  0x0000000002329000 JavaThread "main" [_thread_in_native, id=4648, stack(0x0000000002690000,0x0000000002790000)]

Other Threads:
  0x0000000009ca3800 VMThread [stack: 0x000000000ad10000,0x000000000ae10000] [id=3464]
  0x0000000009d48000 WatcherThread [stack: 0x000000000b810000,0x000000000b910000] [id=2216]

VM state:not at safepoint (normal execution)

VM Mutex/Monitor currently owned by a thread: None

Heap
 PSYoungGen      total 242176K, used 230333K [0x00000000f0000000, 0x00000000ff900000, 0x0000000100000000)
  eden space 232448K, 95% used [0x00000000f0000000,0x00000000fd7c46b8,0x00000000fe300000)
  from space 9728K, 96% used [0x00000000fed00000,0x00000000ff62ae88,0x00000000ff680000)
  to   space 2560K, 0% used [0x00000000ff680000,0x00000000ff680000,0x00000000ff900000)
 ParOldGen       total 86016K, used 48045K [0x00000000d0000000, 0x00000000d5400000, 0x00000000f0000000)
  object space 86016K, 55% used [0x00000000d0000000,0x00000000d2eeb778,0x00000000d5400000)
 PSPermGen       total 39936K, used 39794K [0x00000000c0000000, 0x00000000c2700000, 0x00000000d0000000)
  object space 39936K, 99% used [0x00000000c0000000,0x00000000c26dc890,0x00000000c2700000)

Card table byte_map: [0x0000000005890000,0x0000000005aa0000] byte_map_base: 0x0000000005290000

Polling page: 0x0000000001f20000

Code Cache  [0x0000000002890000, 0x0000000002ea0000, 0x0000000005890000)
 total_blobs=1788 nmethods=1207 adapters=532 free_code_cache=43114Kb largest_free_block=43978880

Compilation events (10 events):
Event: 58.388 Thread 0x0000000009d2d000 1323             com.sun.org.apache.xerces.internal.parsers.AbstractSAXParser::endNamespaceMapping (47 bytes)
Event: 58.389 Thread 0x0000000009d2d000 nmethod 1323 0x0000000002a631d0 code [0x0000000002a63320, 0x0000000002a63478]
Event: 58.392 Thread 0x0000000009d2e000 nmethod 1322 0x0000000002c0eb90 code [0x0000000002c0ed20, 0x0000000002c0f418]
Event: 58.847 Thread 0x0000000009d2d000 1324             com.sun.org.apache.xerces.internal.impl.XMLNSDocumentScannerImpl::scanStartElement (1020 bytes)
Event: 58.883 Thread 0x0000000009d2d000 nmethod 1324 0x0000000002d9f1d0 code [0x0000000002d9f5c0, 0x0000000002da15c8]
Event: 60.860 Thread 0x0000000009d2e000 1325             com.sun.org.apache.xerces.internal.impl.XMLDocumentFragmentScannerImpl$ElementStack::popElement (59 bytes)
Event: 60.861 Thread 0x0000000009d2e000 nmethod 1325 0x0000000002a62e10 code [0x0000000002a62f60, 0x0000000002a63078]
Event: 71.993 Thread 0x0000000009d2d000 1326             com.sun.org.apache.xerces.internal.impl.XMLDocumentFragmentScannerImpl::getString (76 bytes)
Event: 71.995 Thread 0x0000000009d2d000 nmethod 1326 0x0000000002a62890 code [0x0000000002a629e0, 0x0000000002a62b98]
Event: 72.355 Thread 0x0000000009d2e000 1327             com.sun.org.apache.xerces.internal.impl.XMLScanner::scanAttributeValue (997 bytes)

GC Heap History (10 events):
Event: 36.860 GC heap before
{Heap before GC invocations=31 (full 0):
 PSYoungGen      total 190464K, used 188944K [0x00000000f0000000, 0x00000000fc500000, 0x0000000100000000)
  eden space 182272K, 100% used [0x00000000f0000000,0x00000000fb200000,0x00000000fb200000)
  from space 8192K, 81% used [0x00000000fbb00000,0x00000000fc1840b8,0x00000000fc300000)
  to   space 9216K, 0% used [0x00000000fb200000,0x00000000fb200000,0x00000000fbb00000)
 ParOldGen       total 86016K, used 28996K [0x00000000d0000000, 0x00000000d5400000, 0x00000000f0000000)
  object space 86016K, 33% used [0x00000000d0000000,0x00000000d1c51190,0x00000000d5400000)
 PSPermGen       total 29696K, used 29186K [0x00000000c0000000, 0x00000000c1d00000, 0x00000000d0000000)
  object space 29696K, 98% used [0x00000000c0000000,0x00000000c1c80a80,0x00000000c1d00000)
Event: 36.870 GC heap after
Heap after GC invocations=31 (full 0):
 PSYoungGen      total 191488K, used 3966K [0x00000000f0000000, 0x00000000ff880000, 0x0000000100000000)
  eden space 182272K, 0% used [0x00000000f0000000,0x00000000f0000000,0x00000000fb200000)
  from space 9216K, 43% used [0x00000000fb200000,0x00000000fb5dfa30,0x00000000fbb00000)
  to   space 8704K, 0% used [0x00000000ff000000,0x00000000ff000000,0x00000000ff880000)
 ParOldGen       total 86016K, used 34798K [0x00000000d0000000, 0x00000000d5400000, 0x00000000f0000000)
  object space 86016K, 40% used [0x00000000d0000000,0x00000000d21fb9c0,0x00000000d5400000)
 PSPermGen       total 29696K, used 29186K [0x00000000c0000000, 0x00000000c1d00000, 0x00000000d0000000)
  object space 29696K, 98% used [0x00000000c0000000,0x00000000c1c80a80,0x00000000c1d00000)
}
Event: 38.447 GC heap before
{Heap before GC invocations=32 (full 0):
 PSYoungGen      total 191488K, used 186238K [0x00000000f0000000, 0x00000000ff880000, 0x0000000100000000)
  eden space 182272K, 100% used [0x00000000f0000000,0x00000000fb200000,0x00000000fb200000)
  from space 9216K, 43% used [0x00000000fb200000,0x00000000fb5dfa30,0x00000000fbb00000)
  to   space 8704K, 0% used [0x00000000ff000000,0x00000000ff000000,0x00000000ff880000)
 ParOldGen       total 86016K, used 34798K [0x00000000d0000000, 0x00000000d5400000, 0x00000000f0000000)
  object space 86016K, 40% used [0x00000000d0000000,0x00000000d21fb9c0,0x00000000d5400000)
 PSPermGen       total 31232K, used 30823K [0x00000000c0000000, 0x00000000c1e80000, 0x00000000d0000000)
  object space 31232K, 98% used [0x00000000c0000000,0x00000000c1e19ed0,0x00000000c1e80000)
Event: 38.462 GC heap after
Heap after GC invocations=32 (full 0):
 PSYoungGen      total 244736K, used 7287K [0x00000000f0000000, 0x00000000ffa80000, 0x0000000100000000)
  eden space 236032K, 0% used [0x00000000f0000000,0x00000000f0000000,0x00000000fe680000)
  from space 8704K, 83% used [0x00000000ff000000,0x00000000ff71def8,0x00000000ff880000)
  to   space 9728K, 0% used [0x00000000fe680000,0x00000000fe680000,0x00000000ff000000)
 ParOldGen       total 86016K, used 36133K [0x00000000d0000000, 0x00000000d5400000, 0x00000000f0000000)
  object space 86016K, 42% used [0x00000000d0000000,0x00000000d2349520,0x00000000d5400000)
 PSPermGen       total 31232K, used 30823K [0x00000000c0000000, 0x00000000c1e80000, 0x00000000d0000000)
  object space 31232K, 98% used [0x00000000c0000000,0x00000000c1e19ed0,0x00000000c1e80000)
}
Event: 39.452 GC heap before
{Heap before GC invocations=33 (full 0):
 PSYoungGen      total 244736K, used 238644K [0x00000000f0000000, 0x00000000ffa80000, 0x0000000100000000)
  eden space 236032K, 98% used [0x00000000f0000000,0x00000000fe1ef4b0,0x00000000fe680000)
  from space 8704K, 83% used [0x00000000ff000000,0x00000000ff71def8,0x00000000ff880000)
  to   space 9728K, 0% used [0x00000000fe680000,0x00000000fe680000,0x00000000ff000000)
 ParOldGen       total 86016K, used 36133K [0x00000000d0000000, 0x00000000d5400000, 0x00000000f0000000)
  object space 86016K, 42% used [0x00000000d0000000,0x00000000d2349520,0x00000000d5400000)
 PSPermGen       total 32768K, used 32526K [0x00000000c0000000, 0x00000000c2000000, 0x00000000d0000000)
  object space 32768K, 99% used [0x00000000c0000000,0x00000000c1fc3a28,0x00000000c2000000)
Event: 39.457 GC heap after
Heap after GC invocations=33 (full 0):
 PSYoungGen      total 245760K, used 3760K [0x00000000f0000000, 0x0000000100000000, 0x0000000100000000)
  eden space 236032K, 0% used [0x00000000f0000000,0x00000000f0000000,0x00000000fe680000)
  from space 9728K, 38% used [0x00000000fe680000,0x00000000fea2c228,0x00000000ff000000)
  to   space 9216K, 0% used [0x00000000ff700000,0x00000000ff700000,0x0000000100000000)
 ParOldGen       total 86016K, used 39328K [0x00000000d0000000, 0x00000000d5400000, 0x00000000f0000000)
  object space 86016K, 45% used [0x00000000d0000000,0x00000000d2668090,0x00000000d5400000)
 PSPermGen       total 32768K, used 32526K [0x00000000c0000000, 0x00000000c2000000, 0x00000000d0000000)
  object space 32768K, 99% used [0x00000000c0000000,0x00000000c1fc3a28,0x00000000c2000000)
}
Event: 40.109 GC heap before
{Heap before GC invocations=34 (full 0):
 PSYoungGen      total 245760K, used 239792K [0x00000000f0000000, 0x0000000100000000, 0x0000000100000000)
  eden space 236032K, 100% used [0x00000000f0000000,0x00000000fe680000,0x00000000fe680000)
  from space 9728K, 38% used [0x00000000fe680000,0x00000000fea2c228,0x00000000ff000000)
  to   space 9216K, 0% used [0x00000000ff700000,0x00000000ff700000,0x0000000100000000)
 ParOldGen       total 86016K, used 39328K [0x00000000d0000000, 0x00000000d5400000, 0x00000000f0000000)
  object space 86016K, 45% used [0x00000000d0000000,0x00000000d2668090,0x00000000d5400000)
 PSPermGen       total 34816K, used 34331K [0x00000000c0000000, 0x00000000c2200000, 0x00000000d0000000)
  object space 34816K, 98% used [0x00000000c0000000,0x00000000c2186c00,0x00000000c2200000)
Event: 40.115 GC heap after
Heap after GC invocations=34 (full 0):
 PSYoungGen      total 251904K, used 6912K [0x00000000f0000000, 0x0000000100000000, 0x0000000100000000)
  eden space 242688K, 0% used [0x00000000f0000000,0x00000000f0000000,0x00000000fed00000)
  from space 9216K, 75% used [0x00000000ff700000,0x00000000ffdc0378,0x0000000100000000)
  to   space 9728K, 0% used [0x00000000fed00000,0x00000000fed00000,0x00000000ff680000)
 ParOldGen       total 86016K, used 42061K [0x00000000d0000000, 0x00000000d5400000, 0x00000000f0000000)
  object space 86016K, 48% used [0x00000000d0000000,0x00000000d2913670,0x00000000d5400000)
 PSPermGen       total 34816K, used 34331K [0x00000000c0000000, 0x00000000c2200000, 0x00000000d0000000)
  object space 34816K, 98% used [0x00000000c0000000,0x00000000c2186c00,0x00000000c2200000)
}
Event: 41.400 GC heap before
{Heap before GC invocations=35 (full 0):
 PSYoungGen      total 251904K, used 249600K [0x00000000f0000000, 0x0000000100000000, 0x0000000100000000)
  eden space 242688K, 100% used [0x00000000f0000000,0x00000000fed00000,0x00000000fed00000)
  from space 9216K, 75% used [0x00000000ff700000,0x00000000ffdc0378,0x0000000100000000)
  to   space 9728K, 0% used [0x00000000fed00000,0x00000000fed00000,0x00000000ff680000)
 ParOldGen       total 86016K, used 42061K [0x00000000d0000000, 0x00000000d5400000, 0x00000000f0000000)
  object space 86016K, 48% used [0x00000000d0000000,0x00000000d2913670,0x00000000d5400000)
 PSPermGen       total 37376K, used 37304K [0x00000000c0000000, 0x00000000c2480000, 0x00000000d0000000)
  object space 37376K, 99% used [0x00000000c0000000,0x00000000c246e128,0x00000000c2480000)
Event: 41.409 GC heap after
Heap after GC invocations=35 (full 0):
 PSYoungGen      total 242176K, used 9387K [0x00000000f0000000, 0x00000000ff900000, 0x0000000100000000)
  eden space 232448K, 0% used [0x00000000f0000000,0x00000000f0000000,0x00000000fe300000)
  from space 9728K, 96% used [0x00000000fed00000,0x00000000ff62ae88,0x00000000ff680000)
  to   space 2560K, 0% used [0x00000000ff680000,0x00000000ff680000,0x00000000ff900000)
 ParOldGen       total 86016K, used 48045K [0x00000000d0000000, 0x00000000d5400000, 0x00000000f0000000)
  object space 86016K, 55% used [0x00000000d0000000,0x00000000d2eeb778,0x00000000d5400000)
 PSPermGen       total 37376K, used 37304K [0x00000000c0000000, 0x00000000c2480000, 0x00000000d0000000)
  object space 37376K, 99% used [0x00000000c0000000,0x00000000c246e128,0x00000000c2480000)
}

Deoptimization events (10 events):
Event: 41.703 Thread 0x0000000002329000 Uncommon trap: reason=null_check action=make_not_entrant pc=0x0000000002d93c18 method=org.springsource.loaded.ri.ReflectiveInterceptor.jlClassGetModifiers(Ljava/lang/Class;)I @ 10
Event: 41.711 Thread 0x0000000002329000 Uncommon trap: reason=null_check action=make_not_entrant pc=0x0000000002df83a4 method=java.beans.IndexedPropertyDescriptor.setIndexedReadMethod0(Ljava/lang/reflect/Method;)V @ 47
Event: 41.786 Thread 0x0000000002329000 Uncommon trap: reason=class_check action=maybe_recompile pc=0x0000000002e7a2e0 method=java.util.TreeMap.put(Ljava/lang/Object;Ljava/lang/Object;)Ljava/lang/Object; @ 127
Event: 41.787 Thread 0x0000000002329000 Uncommon trap: reason=class_check action=maybe_recompile pc=0x0000000002e7a2e0 method=java.util.TreeMap.put(Ljava/lang/Object;Ljava/lang/Object;)Ljava/lang/Object; @ 127
Event: 41.787 Thread 0x0000000002329000 Uncommon trap: reason=class_check action=maybe_recompile pc=0x0000000002e7a2e0 method=java.util.TreeMap.put(Ljava/lang/Object;Ljava/lang/Object;)Ljava/lang/Object; @ 127
Event: 41.787 Thread 0x0000000002329000 Uncommon trap: reason=class_check action=maybe_recompile pc=0x0000000002e7a2e0 method=java.util.TreeMap.put(Ljava/lang/Object;Ljava/lang/Object;)Ljava/lang/Object; @ 127
Event: 42.223 Thread 0x000000000c784000 Uncommon trap: reason=bimorphic action=maybe_recompile pc=0x0000000002c5d2d0 method=java.util.ComparableTimSort.binarySort([Ljava/lang/Object;III)V @ 94
Event: 42.224 Thread 0x000000000c784000 Uncommon trap: reason=bimorphic action=maybe_recompile pc=0x0000000002c5d2d0 method=java.util.ComparableTimSort.binarySort([Ljava/lang/Object;III)V @ 94
Event: 42.269 Thread 0x000000000c785800 Uncommon trap: reason=unreached action=reinterpret pc=0x0000000002aed190 method=java.util.concurrent.locks.AbstractQueuedSynchronizer.release(I)Z @ 14
Event: 51.495 Thread 0x0000000002329000 Uncommon trap: reason=bimorphic action=maybe_recompile pc=0x0000000002be522c method=java.net.URL.<init>(Ljava/net/URL;Ljava/lang/String;Ljava/net/URLStreamHandler;)V @ 504

Internal exceptions (10 events):
Event: 42.270 Thread 0x000000000c784000 Threw 0x00000000fc597e00 at C:\re\jdk7u67\1368\hotspot\src\share\vm\classfile\systemDictionary.cpp:185
Event: 42.290 Thread 0x000000000f8e7000 Threw 0x00000000fc6927c8 at C:\re\jdk7u67\1368\hotspot\src\share\vm\prims\jvm.cpp:1244
Event: 43.177 Thread 0x0000000002329000 Threw 0x00000000fbe3e940 at C:\re\jdk7u67\1368\hotspot\src\share\vm\prims\jni.cpp:743
Event: 44.288 Thread 0x0000000002329000 Threw 0x00000000fbe3fea8 at C:\re\jdk7u67\1368\hotspot\src\share\vm\prims\jni.cpp:743
Event: 45.391 Thread 0x0000000002329000 Threw 0x00000000fbe40fc0 at C:\re\jdk7u67\1368\hotspot\src\share\vm\prims\jni.cpp:743
Event: 46.495 Thread 0x0000000002329000 Threw 0x00000000fbe420d8 at C:\re\jdk7u67\1368\hotspot\src\share\vm\prims\jni.cpp:743
Event: 47.589 Thread 0x0000000002329000 Threw 0x00000000fbe431f0 at C:\re\jdk7u67\1368\hotspot\src\share\vm\prims\jni.cpp:743
Event: 48.690 Thread 0x0000000002329000 Threw 0x00000000fbe44308 at C:\re\jdk7u67\1368\hotspot\src\share\vm\prims\jni.cpp:743
Event: 49.791 Thread 0x0000000002329000 Threw 0x00000000fbe45420 at C:\re\jdk7u67\1368\hotspot\src\share\vm\prims\jni.cpp:743
Event: 50.892 Thread 0x0000000002329000 Threw 0x00000000fbe46538 at C:\re\jdk7u67\1368\hotspot\src\share\vm\prims\jni.cpp:743

Events (10 events):
Event: 51.496 Executing VM operation: RevokeBias done
Event: 51.496 Executing VM operation: BulkRevokeBias
Event: 51.496 Executing VM operation: BulkRevokeBias done
Event: 51.496 Executing VM operation: RevokeBias
Event: 51.496 Executing VM operation: RevokeBias done
Event: 51.499 Executing VM operation: RevokeBias
Event: 51.499 Executing VM operation: RevokeBias done
Event: 57.536 Thread 0x0000000009d2d000 flushing nmethod 0x0000000002a5b1d0
Event: 58.389 Thread 0x0000000009d2d000 flushing nmethod 0x0000000002c0e950
Event: 71.995 Thread 0x0000000009d2d000 flushing nmethod 0x0000000002d33190


Dynamic libraries:
0x000000013f1c0000 - 0x000000013f1f3000 	C:\Program Files\Java\jdk1.7.0_67\bin\javaw.exe
0x0000000077530000 - 0x00000000776d8000 	C:\Windows\SYSTEM32\ntdll.dll
0x0000000077410000 - 0x000000007752f000 	C:\Windows\system32\kernel32.dll
0x000007fefd510000 - 0x000007fefd57c000 	C:\Windows\system32\KERNELBASE.dll
0x000007feff760000 - 0x000007feff83b000 	C:\Windows\system32\ADVAPI32.dll
0x000007fefeb50000 - 0x000007fefebef000 	C:\Windows\system32\msvcrt.dll
0x000007fefebf0000 - 0x000007fefec0f000 	C:\Windows\SYSTEM32\sechost.dll
0x000007fefe830000 - 0x000007fefe95d000 	C:\Windows\system32\RPCRT4.dll
0x0000000077310000 - 0x000000007740a000 	C:\Windows\system32\USER32.dll
0x000007feff2f0000 - 0x000007feff357000 	C:\Windows\system32\GDI32.dll
0x000007fefeb40000 - 0x000007fefeb4e000 	C:\Windows\system32\LPK.dll
0x000007feff3e0000 - 0x000007feff4a9000 	C:\Windows\system32\USP10.dll
0x000007fefb920000 - 0x000007fefbb14000 	C:\Windows\WinSxS\amd64_microsoft.windows.common-controls_6595b64144ccf1df_6.0.7601.18807_none_fa381d5f175bfb52\COMCTL32.dll
0x000007feff060000 - 0x000007feff0d1000 	C:\Windows\system32\SHLWAPI.dll
0x000007fefd760000 - 0x000007fefd78e000 	C:\Windows\system32\IMM32.DLL
0x000007feff4b0000 - 0x000007feff5b9000 	C:\Windows\system32\MSCTF.dll
0x000000006d6a0000 - 0x000000006d772000 	C:\Program Files\Java\jdk1.7.0_67\jre\bin\msvcr100.dll
0x00000000596d0000 - 0x0000000059ea2000 	C:\Program Files\Java\jdk1.7.0_67\jre\bin\server\jvm.dll
0x000007feee230000 - 0x000007feee239000 	C:\Windows\system32\WSOCK32.dll
0x000007fefd710000 - 0x000007fefd75d000 	C:\Windows\system32\WS2_32.dll
0x000007feff5c0000 - 0x000007feff5c8000 	C:\Windows\system32\NSI.dll
0x000007fef8280000 - 0x000007fef82bb000 	C:\Windows\system32\WINMM.dll
0x0000000077700000 - 0x0000000077707000 	C:\Windows\system32\PSAPI.DLL
0x000000006da60000 - 0x000000006da6f000 	C:\Program Files\Java\jdk1.7.0_67\jre\bin\verify.dll
0x000000006da30000 - 0x000000006da58000 	C:\Program Files\Java\jdk1.7.0_67\jre\bin\java.dll
0x000000006d9c0000 - 0x000000006d9e3000 	C:\Program Files\Java\jdk1.7.0_67\jre\bin\instrument.dll
0x000000006d9a0000 - 0x000000006d9b5000 	C:\Program Files\Java\jdk1.7.0_67\jre\bin\zip.dll
0x000007fefce30000 - 0x000007fefce48000 	C:\Windows\system32\CRYPTSP.dll
0x000007fefc7f0000 - 0x000007fefc837000 	C:\Windows\system32\rsaenh.dll
0x000007fefd5a0000 - 0x000007fefd5be000 	C:\Windows\system32\USERENV.dll
0x000007fefd300000 - 0x000007fefd30f000 	C:\Windows\system32\profapi.dll
0x000007fefd0f0000 - 0x000007fefd0ff000 	C:\Windows\system32\CRYPTBASE.dll
0x000000006d980000 - 0x000000006d999000 	C:\Program Files\Java\jdk1.7.0_67\jre\bin\net.dll
0x000007fefca80000 - 0x000007fefcad5000 	C:\Windows\system32\mswsock.dll
0x000007fefcbf0000 - 0x000007fefcbf7000 	C:\Windows\System32\wship6.dll
0x000007fef9960000 - 0x000007fef9987000 	C:\Windows\system32\IPHLPAPI.DLL
0x000007fef9640000 - 0x000007fef964b000 	C:\Windows\system32\WINNSI.DLL
0x000007fef9600000 - 0x000007fef9611000 	C:\Windows\system32\dhcpcsvc6.DLL
0x000007fef91a0000 - 0x000007fef91b8000 	C:\Windows\system32\dhcpcsvc.DLL
0x000000006d960000 - 0x000000006d971000 	C:\Program Files\Java\jdk1.7.0_67\jre\bin\nio.dll
0x000007fefa090000 - 0x000007fefa09a000 	C:\Users\roberto.manaia\AppData\Local\Temp\jansi-64-7294417054450280258.dll
0x000000006d900000 - 0x000000006d924000 	C:\Program Files\Java\jdk1.7.0_67\jre\bin\sunec.dll
0x000000006dd70000 - 0x000000006dd7b000 	C:\Program Files\Java\jdk1.7.0_67\jre\bin\sunmscapi.dll
0x000007fefd330000 - 0x000007fefd49d000 	C:\Windows\system32\CRYPT32.dll
0x000007fefd2f0000 - 0x000007fefd2ff000 	C:\Windows\system32\MSASN1.dll
0x000007fefc590000 - 0x000007fefc597000 	C:\Windows\System32\wshtcpip.dll
0x000007fefc910000 - 0x000007fefc96b000 	C:\Windows\system32\DNSAPI.dll
0x000007fef8830000 - 0x000007fef8838000 	C:\Windows\system32\rasadhlp.dll
0x000007fefa390000 - 0x000007fefa3e3000 	C:\Windows\System32\fwpuclnt.dll
0x000007fefd100000 - 0x000007fefd157000 	C:\Windows\system32\apphelp.dll

VM Arguments:
jvm_args: -Xmx768M -XX:MaxPermSize=256m -Dbase.dir=C:\Users\roberto.manaia\Documents\workspace-ggts-3.6.0.RELEASE\projetoMetafora -Dgrails.home=C:\grails-2.3.7\ -Djline.terminal=jline.UnsupportedTerminal -Dgrails.forked.kill.port=52913 -javaagent:C:\grails-2.3.7\lib\org.springframework\springloaded\jars\springloaded-1.1.5.RELEASE.jar -Xverify:none -Dspringloaded=profile=grails;cacheDir=C:\Users\roberto.manaia\Documents\workspace-ggts-3.6.0.RELEASE\.metadata\.plugins\org.grails.ide.eclipse.core\2.3.7 -Dfile.encoding=Cp1252 
java_command: org.codehaus.groovy.grails.cli.support.GrailsStarter --conf C:\grails-2.3.7\conf\groovy-starter.conf --main org.codehaus.groovy.grails.cli.GrailsScriptRunner run-app
Launcher Type: SUN_STANDARD

Environment Variables:
JAVA_HOME=C:\Program Files\Java\jdk1.7.0_67
PATH=C:\ProgramData\Oracle\Java\javapath;C:\Program Files (x86)\NVIDIA Corporation\PhysX\Common;C:\Program Files (x86)\Intel\iCLS Client\;C:\Program Files\Intel\iCLS Client\;C:\Windows\system32;C:\Windows;C:\Windows\System32\Wbem;C:\Windows\System32\WindowsPowerShell\v1.0\;C:\Program Files\Intel\Intel(R) Management Engine Components\DAL;C:\Program Files\Intel\Intel(R) Management Engine Components\IPT;C:\Program Files (x86)\Intel\Intel(R) Management Engine Components\DAL;C:\Program Files (x86)\Intel\Intel(R) Management Engine Components\IPT;C:\Program Files (x86)\Intel\OpenCL SDK\2.0\bin\x86;C:\Program Files (x86)\Intel\OpenCL SDK\2.0\bin\x64;4.94066E-324ROOVY_HOME\bin;C:\pscp.exe;C:\Program Files\nodejs\;C:\Windows\Sun\Java\bin;C:\Windows\system32;C:\Windows;C:\ProgramData\Oracle\Java\javapath;C:\Program Files (x86)\NVIDIA Corporation\PhysX\Common;C:\Program Files (x86)\Intel\iCLS Client\;C:\Program Files\Intel\iCLS Client\;C:\Windows\system32;C:\Windows;C:\Windows\System32\Wbem;C:\Windows\System32\WindowsPowerShell\v1.0\;C:\Program Files\Intel\Intel(R) Management Engine Components\DAL;C:\Program Files\Intel\Intel(R) Management Engine Components\IPT;C:\Program Files (x86)\Intel\Intel(R) Management Engine Components\DAL;C:\Program Files (x86)\Intel\Intel(R) Management Engine Components\IPT;C:\Program Files (x86)\Intel\OpenCL SDK\2.0\bin\x86;C:\Program Files (x86)\Intel\OpenCL SDK\2.0\bin\x64;7.45062E-315ROOVY_HOME\bin;C:\pscp.exe;C:\Program Files\nodejs\;C:\Users\Personal\AppData\Roaming\npm
USERNAME=Roberto.Manaia
OS=Windows_NT
PROCESSOR_IDENTIFIER=Intel64 Family 6 Model 58 Stepping 9, GenuineIntel



---------------  S Y S T E M  ---------------

OS: Windows 7 , 64 bit Build 7601 Service Pack 1

CPU:total 8 (4 cores per cpu, 2 threads per core) family 6 model 58 stepping 9, cmov, cx8, fxsr, mmx, sse, sse2, sse3, ssse3, sse4.1, sse4.2, popcnt, avx, aes, erms, ht, tsc, tscinvbit, tscinv

Memory: 4k page, physical 8259640k(2653568k free), swap 8257788k(4616k free)

vm_info: Java HotSpot(TM) 64-Bit Server VM (24.65-b04) for windows-amd64 JRE (1.7.0_67-b01), built on Jul 25 2014 08:55:00 by "java_re" with unknown MS VC++:1600

time: Thu May 14 13:07:59 2015
elapsed time: 72 seconds

