#
# There is insufficient memory for the Java Runtime Environment to continue.
# Native memory allocation (malloc) failed to allocate 1727296 bytes for Chunk::new
# Possible reasons:
#   The system is out of physical RAM or swap space
#   In 32 bit mode, the process size limit was hit
# Possible solutions:
#   Reduce memory load on the system
#   Increase physical memory or swap space
#   Check if swap backing store is full
#   Use 64 bit Java on a 64 bit OS
#   Decrease Java heap size (-Xmx/-Xms)
#   Decrease number of Java threads
#   Decrease Java thread stack sizes (-Xss)
#   Set larger code cache with -XX:ReservedCodeCacheSize=
# This output file may be truncated or incomplete.
#
#  Out of Memory Error (allocation.cpp:323), pid=6480, tid=6260
#
# JRE version: Java(TM) SE Runtime Environment (7.0_67-b01) (build 1.7.0_67-b01)
# Java VM: Java HotSpot(TM) 64-Bit Server VM (24.65-b04 mixed mode windows-amd64 compressed oops)
# Failed to write core dump. Minidumps are not enabled by default on client versions of Windows
#

---------------  T H R E A D  ---------------

Current thread (0x0000000009bb7800):  JavaThread "C2 CompilerThread1" daemon [_thread_in_native, id=6260, stack(0x000000000b3d0000,0x000000000b4d0000)]

Stack: [0x000000000b3d0000,0x000000000b4d0000]
[error occurred during error reporting (printing stack bounds), id 0xc0000005]


[error occurred during error reporting (printing native stack), id 0xc0000005]


Current CompileTask:
C2:  15463  805             java.beans.Introspector::processPropertyDescriptors (699 bytes)


---------------  P R O C E S S  ---------------

Java Threads: ( => current thread )
  0x000000000cf28000 JavaThread "FileSystemWatcher: files=#213 cl=groovy.lang.GroovyClassLoader@3379336b" daemon [_thread_blocked, id=5664, stack(0x000000000e920000,0x000000000ea20000)]
  0x000000000c048800 JavaThread "Thread-3" daemon [_thread_in_native, id=5748, stack(0x000000000e650000,0x000000000e750000)]
  0x000000000f44f000 JavaThread "localhost-startStop-1" daemon [_thread_in_native, id=2508, stack(0x000000000e7d0000,0x000000000e8d0000)]
  0x000000000bf2a000 JavaThread "Tomcat-startStop-1" daemon [_thread_blocked, id=6944, stack(0x000000000d470000,0x000000000d570000)]
  0x000000000cb71800 JavaThread "Thread-2" [_thread_in_native, id=3648, stack(0x000000000b130000,0x000000000b230000)]
  0x000000000ba94000 JavaThread "NonBlockingInputStreamThread" daemon [_thread_blocked, id=6764, stack(0x000000000c290000,0x000000000c390000)]
  0x0000000009bb8000 JavaThread "Service Thread" daemon [_thread_blocked, id=6180, stack(0x000000000b680000,0x000000000b780000)]
=>0x0000000009bb7800 JavaThread "C2 CompilerThread1" daemon [_thread_in_native, id=6260, stack(0x000000000b3d0000,0x000000000b4d0000)]
  0x0000000009bb4800 JavaThread "C2 CompilerThread0" daemon [_thread_blocked, id=6908, stack(0x000000000b250000,0x000000000b350000)]
  0x000000000897e000 JavaThread "Attach Listener" daemon [_thread_blocked, id=4692, stack(0x000000000b020000,0x000000000b120000)]
  0x000000000897c800 JavaThread "Signal Dispatcher" daemon [_thread_blocked, id=6132, stack(0x000000000aab0000,0x000000000abb0000)]
  0x00000000023cf000 JavaThread "Finalizer" daemon [_thread_blocked, id=4872, stack(0x000000000af10000,0x000000000b010000)]
  0x00000000023c8000 JavaThread "Reference Handler" daemon [_thread_blocked, id=6840, stack(0x000000000ade0000,0x000000000aee0000)]
  0x000000000010f000 JavaThread "main" [_thread_blocked, id=2240, stack(0x0000000002590000,0x0000000002690000)]

Other Threads:
  0x0000000009ae3800 VMThread [stack: 0x000000000abf0000,0x000000000acf0000] [id=6584]
  0x0000000009d26000 WatcherThread [stack: 0x000000000b800000,0x000000000b900000] [id=1528]

VM state:not at safepoint (normal execution)

VM Mutex/Monitor currently owned by a thread: None

Heap
 PSYoungGen      total 252416K, used 62190K [0x00000000f0000000, 0x0000000100000000, 0x0000000100000000)
  eden space 242688K, 25% used [0x00000000f0000000,0x00000000f3cbba88,0x00000000fed00000)
  from space 9728K, 0% used [0x00000000fed00000,0x00000000fed00000,0x00000000ff680000)
  to   space 9728K, 0% used [0x00000000ff680000,0x00000000ff680000,0x0000000100000000)
 ParOldGen       total 54784K, used 54758K [0x00000000d0000000, 0x00000000d3580000, 0x00000000f0000000)
  object space 54784K, 99% used [0x00000000d0000000,0x00000000d3579870,0x00000000d3580000)
 PSPermGen       total 68608K, used 43166K [0x00000000c0000000, 0x00000000c4300000, 0x00000000d0000000)
  object space 68608K, 62% used [0x00000000c0000000,0x00000000c2a27980,0x00000000c4300000)

Card table byte_map: [0x0000000005790000,0x00000000059a0000] byte_map_base: 0x0000000005190000

Polling page: 0x0000000000130000

Code Cache  [0x0000000002790000, 0x0000000002c00000, 0x0000000005790000)
 total_blobs=1326 nmethods=748 adapters=529 free_code_cache=44699Kb largest_free_block=45679680

Compilation events (10 events):
Event: 15.314 Thread 0x0000000009bb4800 nmethod 800 0x0000000002b77050 code [0x0000000002b77180, 0x0000000002b771d8]
Event: 15.325 Thread 0x0000000009bb7800  801             org.springframework.beans.ExtendedBeanInfo::isCandidateWriteMethod (91 bytes)
Event: 15.328 Thread 0x0000000009bb7800 nmethod 801 0x0000000002b75e10 code [0x0000000002b75f60, 0x0000000002b761f8]
Event: 15.328 Thread 0x0000000009bb4800  802             java.util.Collections$EmptyMap::get (2 bytes)
Event: 15.328 Thread 0x0000000009bb4800 nmethod 802 0x0000000002b75c10 code [0x0000000002b75d40, 0x0000000002b75d98]
Event: 15.332 Thread 0x0000000009bb7800  803             java.util.LinkedHashMap::addEntry (38 bytes)
Event: 15.336 Thread 0x0000000009bb4800  804  s          java.lang.reflect.Method::declaredAnnotations (39 bytes)
Event: 15.337 Thread 0x0000000009bb7800 nmethod 803 0x0000000002b73090 code [0x0000000002b73280, 0x0000000002b738a0]
Event: 15.351 Thread 0x0000000009bb4800 nmethod 804 0x0000000002b6c810 code [0x0000000002b6cb00, 0x0000000002b6e210]
Event: 15.351 Thread 0x0000000009bb7800  805             java.beans.Introspector::processPropertyDescriptors (699 bytes)

GC Heap History (10 events):
Event: 10.474 GC heap before
{Heap before GC invocations=19 (full 2):
 PSYoungGen      total 250368K, used 242345K [0x00000000f0000000, 0x0000000100000000, 0x0000000100000000)
  eden space 245760K, 96% used [0x00000000f0000000,0x00000000fe82e058,0x00000000ff000000)
  from space 4608K, 99% used [0x00000000ffa80000,0x00000000ffefc650,0x00000000fff00000)
  to   space 8192K, 0% used [0x00000000ff000000,0x00000000ff000000,0x00000000ff800000)
 ParOldGen       total 54784K, used 27051K [0x00000000d0000000, 0x00000000d3580000, 0x00000000f0000000)
  object space 54784K, 49% used [0x00000000d0000000,0x00000000d1a6add0,0x00000000d3580000)
 PSPermGen       total 35840K, used 35646K [0x00000000c0000000, 0x00000000c2300000, 0x00000000d0000000)
  object space 35840K, 99% used [0x00000000c0000000,0x00000000c22cfa98,0x00000000c2300000)
Event: 10.492 GC heap after
Heap after GC invocations=19 (full 2):
 PSYoungGen      total 252928K, used 6731K [0x00000000f0000000, 0x0000000100000000, 0x0000000100000000)
  eden space 245760K, 0% used [0x00000000f0000000,0x00000000f0000000,0x00000000ff000000)
  from space 7168K, 93% used [0x00000000ff000000,0x00000000ff692d78,0x00000000ff700000)
  to   space 8704K, 0% used [0x00000000ff780000,0x00000000ff780000,0x0000000100000000)
 ParOldGen       total 54784K, used 31609K [0x00000000d0000000, 0x00000000d3580000, 0x00000000f0000000)
  object space 54784K, 57% used [0x00000000d0000000,0x00000000d1ede7e8,0x00000000d3580000)
 PSPermGen       total 35840K, used 35646K [0x00000000c0000000, 0x00000000c2300000, 0x00000000d0000000)
  object space 35840K, 99% used [0x00000000c0000000,0x00000000c22cfa98,0x00000000c2300000)
}
Event: 11.717 GC heap before
{Heap before GC invocations=20 (full 2):
 PSYoungGen      total 252928K, used 244123K [0x00000000f0000000, 0x0000000100000000, 0x0000000100000000)
  eden space 245760K, 96% used [0x00000000f0000000,0x00000000fe7d4038,0x00000000ff000000)
  from space 7168K, 93% used [0x00000000ff000000,0x00000000ff692d78,0x00000000ff700000)
  to   space 8704K, 0% used [0x00000000ff780000,0x00000000ff780000,0x0000000100000000)
 ParOldGen       total 54784K, used 31609K [0x00000000d0000000, 0x00000000d3580000, 0x00000000f0000000)
  object space 54784K, 57% used [0x00000000d0000000,0x00000000d1ede7e8,0x00000000d3580000)
 PSPermGen       total 38400K, used 38365K [0x00000000c0000000, 0x00000000c2580000, 0x00000000d0000000)
  object space 38400K, 99% used [0x00000000c0000000,0x00000000c2577740,0x00000000c2580000)
Event: 11.724 GC heap after
Heap after GC invocations=20 (full 2):
 PSYoungGen      total 251392K, used 7912K [0x00000000f0000000, 0x0000000100000000, 0x0000000100000000)
  eden space 242688K, 0% used [0x00000000f0000000,0x00000000f0000000,0x00000000fed00000)
  from space 8704K, 90% used [0x00000000ff780000,0x00000000fff3a320,0x0000000100000000)
  to   space 9728K, 0% used [0x00000000fed00000,0x00000000fed00000,0x00000000ff680000)
 ParOldGen       total 54784K, used 37046K [0x00000000d0000000, 0x00000000d3580000, 0x00000000f0000000)
  object space 54784K, 67% used [0x00000000d0000000,0x00000000d242db70,0x00000000d3580000)
 PSPermGen       total 38400K, used 38365K [0x00000000c0000000, 0x00000000c2580000, 0x00000000d0000000)
  object space 38400K, 99% used [0x00000000c0000000,0x00000000c2577740,0x00000000c2580000)
}
Event: 13.450 GC heap before
{Heap before GC invocations=21 (full 2):
 PSYoungGen      total 251392K, used 250600K [0x00000000f0000000, 0x0000000100000000, 0x0000000100000000)
  eden space 242688K, 100% used [0x00000000f0000000,0x00000000fed00000,0x00000000fed00000)
  from space 8704K, 90% used [0x00000000ff780000,0x00000000fff3a320,0x0000000100000000)
  to   space 9728K, 0% used [0x00000000fed00000,0x00000000fed00000,0x00000000ff680000)
 ParOldGen       total 54784K, used 37046K [0x00000000d0000000, 0x00000000d3580000, 0x00000000f0000000)
  object space 54784K, 67% used [0x00000000d0000000,0x00000000d242db70,0x00000000d3580000)
 PSPermGen       total 40960K, used 40619K [0x00000000c0000000, 0x00000000c2800000, 0x00000000d0000000)
  object space 40960K, 99% used [0x00000000c0000000,0x00000000c27aae00,0x00000000c2800000)
Event: 13.463 GC heap after
Heap after GC invocations=21 (full 2):
 PSYoungGen      total 252416K, used 9728K [0x00000000f0000000, 0x0000000100000000, 0x0000000100000000)
  eden space 242688K, 0% used [0x00000000f0000000,0x00000000f0000000,0x00000000fed00000)
  from space 9728K, 100% used [0x00000000fed00000,0x00000000ff680000,0x00000000ff680000)
  to   space 9728K, 0% used [0x00000000ff680000,0x00000000ff680000,0x0000000100000000)
 ParOldGen       total 54784K, used 51059K [0x00000000d0000000, 0x00000000d3580000, 0x00000000f0000000)
  object space 54784K, 93% used [0x00000000d0000000,0x00000000d31dcc90,0x00000000d3580000)
 PSPermGen       total 40960K, used 40619K [0x00000000c0000000, 0x00000000c2800000, 0x00000000d0000000)
  object space 40960K, 99% used [0x00000000c0000000,0x00000000c27aae00,0x00000000c2800000)
}
Event: 13.463 GC heap before
{Heap before GC invocations=22 (full 3):
 PSYoungGen      total 252416K, used 9728K [0x00000000f0000000, 0x0000000100000000, 0x0000000100000000)
  eden space 242688K, 0% used [0x00000000f0000000,0x00000000f0000000,0x00000000fed00000)
  from space 9728K, 100% used [0x00000000fed00000,0x00000000ff680000,0x00000000ff680000)
  to   space 9728K, 0% used [0x00000000ff680000,0x00000000ff680000,0x0000000100000000)
 ParOldGen       total 54784K, used 51059K [0x00000000d0000000, 0x00000000d3580000, 0x00000000f0000000)
  object space 54784K, 93% used [0x00000000d0000000,0x00000000d31dcc90,0x00000000d3580000)
 PSPermGen       total 40960K, used 40619K [0x00000000c0000000, 0x00000000c2800000, 0x00000000d0000000)
  object space 40960K, 99% used [0x00000000c0000000,0x00000000c27aae00,0x00000000c2800000)
Event: 13.721 GC heap after
Heap after GC invocations=22 (full 3):
 PSYoungGen      total 252416K, used 4017K [0x00000000f0000000, 0x0000000100000000, 0x0000000100000000)
  eden space 242688K, 0% used [0x00000000f0000000,0x00000000f0000000,0x00000000fed00000)
  from space 9728K, 41% used [0x00000000fed00000,0x00000000ff0ec458,0x00000000ff680000)
  to   space 9728K, 0% used [0x00000000ff680000,0x00000000ff680000,0x0000000100000000)
 ParOldGen       total 54784K, used 54286K [0x00000000d0000000, 0x00000000d3580000, 0x00000000f0000000)
  object space 54784K, 99% used [0x00000000d0000000,0x00000000d3503bc8,0x00000000d3580000)
 PSPermGen       total 65536K, used 40610K [0x00000000c0000000, 0x00000000c4000000, 0x00000000d0000000)
  object space 65536K, 61% used [0x00000000c0000000,0x00000000c27a8b10,0x00000000c4000000)
}
Event: 14.882 GC heap before
{Heap before GC invocations=23 (full 4):
 PSYoungGen      total 252416K, used 246705K [0x00000000f0000000, 0x0000000100000000, 0x0000000100000000)
  eden space 242688K, 100% used [0x00000000f0000000,0x00000000fed00000,0x00000000fed00000)
  from space 9728K, 41% used [0x00000000fed00000,0x00000000ff0ec458,0x00000000ff680000)
  to   space 9728K, 0% used [0x00000000ff680000,0x00000000ff680000,0x0000000100000000)
 ParOldGen       total 54784K, used 54286K [0x00000000d0000000, 0x00000000d3580000, 0x00000000f0000000)
  object space 54784K, 99% used [0x00000000d0000000,0x00000000d3503bc8,0x00000000d3580000)
 PSPermGen       total 65536K, used 42855K [0x00000000c0000000, 0x00000000c4000000, 0x00000000d0000000)
  object space 65536K, 65% used [0x00000000c0000000,0x00000000c29d9f30,0x00000000c4000000)
Event: 15.161 GC heap after
Heap after GC invocations=23 (full 4):
 PSYoungGen      total 252416K, used 14598K [0x00000000f0000000, 0x0000000100000000, 0x0000000100000000)
  eden space 242688K, 6% used [0x00000000f0000000,0x00000000f0e418c0,0x00000000fed00000)
  from space 9728K, 0% used [0x00000000fed00000,0x00000000fed00000,0x00000000ff680000)
  to   space 9728K, 0% used [0x00000000ff680000,0x00000000ff680000,0x0000000100000000)
 ParOldGen       total 54784K, used 54758K [0x00000000d0000000, 0x00000000d3580000, 0x00000000f0000000)
  object space 54784K, 99% used [0x00000000d0000000,0x00000000d3579870,0x00000000d3580000)
 PSPermGen       total 68608K, used 42855K [0x00000000c0000000, 0x00000000c4300000, 0x00000000d0000000)
  object space 68608K, 62% used [0x00000000c0000000,0x00000000c29d9ca0,0x00000000c4300000)
}

Deoptimization events (10 events):
Event: 15.254 Thread 0x000000000f44f000 Uncommon trap: reason=array_check action=maybe_recompile pc=0x0000000002b79c30 method=java.util.TimSort.binarySort([Ljava/lang/Object;IIILjava/util/Comparator;)V @ 193
Event: 15.263 Thread 0x000000000f44f000 Uncommon trap: reason=array_check action=maybe_recompile pc=0x0000000002b79c30 method=java.util.TimSort.binarySort([Ljava/lang/Object;IIILjava/util/Comparator;)V @ 193
Event: 15.272 Thread 0x000000000f44f000 Uncommon trap: reason=array_check action=maybe_recompile pc=0x0000000002b79c30 method=java.util.TimSort.binarySort([Ljava/lang/Object;IIILjava/util/Comparator;)V @ 193
Event: 15.315 Thread 0x000000000f44f000 Uncommon trap: reason=array_check action=maybe_recompile pc=0x0000000002b79c30 method=java.util.TimSort.binarySort([Ljava/lang/Object;IIILjava/util/Comparator;)V @ 193
Event: 15.354 Thread 0x000000000f44f000 Uncommon trap: reason=bimorphic action=maybe_recompile pc=0x0000000002ac8ebc method=java.util.regex.Pattern$Curly.match0(Ljava/util/regex/Matcher;IILjava/lang/CharSequence;)Z @ 77
Event: 15.354 Thread 0x000000000f44f000 Uncommon trap: reason=bimorphic action=maybe_recompile pc=0x0000000002ac8ebc method=java.util.regex.Pattern$Curly.match0(Ljava/util/regex/Matcher;IILjava/lang/CharSequence;)Z @ 77
Event: 15.356 Thread 0x000000000f44f000 Uncommon trap: reason=null_check action=make_not_entrant pc=0x0000000002b94ae4 method=java.lang.reflect.Method.getAnnotation(Ljava/lang/Class;)Ljava/lang/annotation/Annotation; @ 22
Event: 15.356 Thread 0x000000000f44f000 Uncommon trap: reason=bimorphic action=maybe_recompile pc=0x0000000002af3f34 method=org.codehaus.groovy.util.SingleKeyHashMap.get(Ljava/lang/Object;)Ljava/lang/Object; @ 43
Event: 15.359 Thread 0x000000000f44f000 Uncommon trap: reason=bimorphic action=maybe_recompile pc=0x000000000291cc30 method=java.util.Properties$LineReader.readLine()I @ 62
Event: 15.359 Thread 0x000000000f44f000 Uncommon trap: reason=bimorphic action=maybe_recompile pc=0x000000000291cc30 method=java.util.Properties$LineReader.readLine()I @ 62

Internal exceptions (10 events):
Event: 15.363 Thread 0x000000000f44f000 Threw 0x00000000f3aa5958 at C:\re\jdk7u67\1368\hotspot\src\share\vm\prims\jvm.cpp:1244
Event: 15.363 Thread 0x000000000f44f000 Threw 0x00000000f3aa6240 at C:\re\jdk7u67\1368\hotspot\src\share\vm\classfile\systemDictionary.cpp:185
Event: 15.364 Thread 0x000000000f44f000 Threw 0x00000000f3aabbc8 at C:\re\jdk7u67\1368\hotspot\src\share\vm\prims\jvm.cpp:1244
Event: 15.364 Thread 0x000000000f44f000 Threw 0x00000000f3aaf1f0 at C:\re\jdk7u67\1368\hotspot\src\share\vm\prims\jvm.cpp:1244
Event: 15.364 Thread 0x000000000f44f000 Threw 0x00000000f3abd628 at C:\re\jdk7u67\1368\hotspot\src\share\vm\prims\jvm.cpp:1244
Event: 15.364 Thread 0x000000000f44f000 Threw 0x00000000f3acf288 at C:\re\jdk7u67\1368\hotspot\src\share\vm\prims\jvm.cpp:1244
Event: 15.364 Thread 0x000000000f44f000 Threw 0x00000000f3ad2ab0 at C:\re\jdk7u67\1368\hotspot\src\share\vm\prims\jvm.cpp:1244
Event: 15.364 Thread 0x000000000f44f000 Threw 0x00000000f3ae0ee8 at C:\re\jdk7u67\1368\hotspot\src\share\vm\prims\jvm.cpp:1244
Event: 15.365 Thread 0x000000000f44f000 Threw 0x00000000f3b006c8 at C:\re\jdk7u67\1368\hotspot\src\share\vm\prims\jvm.cpp:1244
Event: 15.365 Thread 0x000000000f44f000 Threw 0x00000000f3b00dc8 at C:\re\jdk7u67\1368\hotspot\src\share\vm\classfile\systemDictionary.cpp:185

Events (10 events):
Event: 15.363 loading class 0x000000000ca13740
Event: 15.363 loading class 0x000000000ca13740 done
Event: 15.363 loading class 0x000000000ca13740
Event: 15.363 loading class 0x000000000ca13740 done
Event: 15.364 loading class 0x000000000ca18900
Event: 15.364 loading class 0x000000000ca18900 done
Event: 15.364 loading class 0x000000000ca18900
Event: 15.364 loading class 0x000000000ca18900 done
Event: 15.365 loading class 0x000000000ca18900
Event: 15.365 loading class 0x000000000ca18900 done


Dynamic libraries:
0x000000013f6b0000 - 0x000000013f6e3000 	C:\Program Files\Java\jdk1.7.0_67\bin\java.exe
0x0000000077530000 - 0x00000000776d8000 	C:\Windows\SYSTEM32\ntdll.dll
0x0000000077410000 - 0x000000007752f000 	C:\Windows\system32\kernel32.dll
0x000007fefd510000 - 0x000007fefd57c000 	C:\Windows\system32\KERNELBASE.dll
0x000007feff760000 - 0x000007feff83b000 	C:\Windows\system32\ADVAPI32.dll
0x000007fefeb50000 - 0x000007fefebef000 	C:\Windows\system32\msvcrt.dll
0x000007fefebf0000 - 0x000007fefec0f000 	C:\Windows\SYSTEM32\sechost.dll
0x000007fefe830000 - 0x000007fefe95d000 	C:\Windows\system32\RPCRT4.dll
0x0000000077310000 - 0x000000007740a000 	C:\Windows\system32\USER32.dll
0x000007feff2f0000 - 0x000007feff357000 	C:\Windows\system32\GDI32.dll
0x000007fefeb40000 - 0x000007fefeb4e000 	C:\Windows\system32\LPK.dll
0x000007feff3e0000 - 0x000007feff4a9000 	C:\Windows\system32\USP10.dll
0x000007fefb920000 - 0x000007fefbb14000 	C:\Windows\WinSxS\amd64_microsoft.windows.common-controls_6595b64144ccf1df_6.0.7601.18807_none_fa381d5f175bfb52\COMCTL32.dll
0x000007feff060000 - 0x000007feff0d1000 	C:\Windows\system32\SHLWAPI.dll
0x000007fefd760000 - 0x000007fefd78e000 	C:\Windows\system32\IMM32.DLL
0x000007feff4b0000 - 0x000007feff5b9000 	C:\Windows\system32\MSCTF.dll
0x000000006d6a0000 - 0x000000006d772000 	C:\Program Files\Java\jdk1.7.0_67\jre\bin\msvcr100.dll
0x00000000598b0000 - 0x000000005a082000 	C:\Program Files\Java\jdk1.7.0_67\jre\bin\server\jvm.dll
0x000007feee230000 - 0x000007feee239000 	C:\Windows\system32\WSOCK32.dll
0x000007fefd710000 - 0x000007fefd75d000 	C:\Windows\system32\WS2_32.dll
0x000007feff5c0000 - 0x000007feff5c8000 	C:\Windows\system32\NSI.dll
0x000007fef8280000 - 0x000007fef82bb000 	C:\Windows\system32\WINMM.dll
0x0000000077700000 - 0x0000000077707000 	C:\Windows\system32\PSAPI.DLL
0x000000006da60000 - 0x000000006da6f000 	C:\Program Files\Java\jdk1.7.0_67\jre\bin\verify.dll
0x000000006da30000 - 0x000000006da58000 	C:\Program Files\Java\jdk1.7.0_67\jre\bin\java.dll
0x000000006d9c0000 - 0x000000006d9e3000 	C:\Program Files\Java\jdk1.7.0_67\jre\bin\instrument.dll
0x000000006d9a0000 - 0x000000006d9b5000 	C:\Program Files\Java\jdk1.7.0_67\jre\bin\zip.dll
0x000007fefce30000 - 0x000007fefce48000 	C:\Windows\system32\CRYPTSP.dll
0x000007fefc7f0000 - 0x000007fefc837000 	C:\Windows\system32\rsaenh.dll
0x000007fefd5a0000 - 0x000007fefd5be000 	C:\Windows\system32\USERENV.dll
0x000007fefd300000 - 0x000007fefd30f000 	C:\Windows\system32\profapi.dll
0x000007fefd0f0000 - 0x000007fefd0ff000 	C:\Windows\system32\CRYPTBASE.dll
0x000000006d980000 - 0x000000006d999000 	C:\Program Files\Java\jdk1.7.0_67\jre\bin\net.dll
0x000007fefca80000 - 0x000007fefcad5000 	C:\Windows\system32\mswsock.dll
0x000007fefcbf0000 - 0x000007fefcbf7000 	C:\Windows\System32\wship6.dll
0x000007fef9960000 - 0x000007fef9987000 	C:\Windows\system32\IPHLPAPI.DLL
0x000007fef9640000 - 0x000007fef964b000 	C:\Windows\system32\WINNSI.DLL
0x000007fef9600000 - 0x000007fef9611000 	C:\Windows\system32\dhcpcsvc6.DLL
0x000007fef91a0000 - 0x000007fef91b8000 	C:\Windows\system32\dhcpcsvc.DLL
0x000000006d960000 - 0x000000006d971000 	C:\Program Files\Java\jdk1.7.0_67\jre\bin\nio.dll
0x000007fefa060000 - 0x000007fefa06a000 	C:\Users\roberto.manaia\AppData\Local\Temp\jansi-64-1128171580526357377.dll
0x000000006d950000 - 0x000000006d95b000 	C:\Program Files\Java\jdk1.7.0_67\jre\bin\management.dll

VM Arguments:
jvm_args: -Dfile.encoding=UTF-8 -Xmx768M -Xms64M -XX:MaxPermSize=256m -Dgrails.fork.active=true -Dgrails.build.execution.context=C:\Users\roberto.manaia\AppData\Local\Temp\projetoMetafora7226912562657510110grails-execution-context -Dgrails.home=C:\grails-2.3.7 -javaagent:C:\grails-2.3.7\lib\org.springframework\springloaded\jars\springloaded-1.1.5.RELEASE.jar -Xverify:none -Dspringloaded.synchronize=true -Djdk.reflect.allowGetCallerClass=true -Dspringloaded=profile=grails;cacheDir=C:\Users\roberto.manaia\.grails\2.3.7 
java_command: org.grails.plugins.tomcat.fork.ForkedTomcatServer
Launcher Type: SUN_STANDARD

Environment Variables:
JAVA_HOME=C:\Program Files\Java\jdk1.7.0_67
PATH=C:\ProgramData\Oracle\Java\javapath;C:\Program Files (x86)\NVIDIA Corporation\PhysX\Common;C:\Program Files (x86)\Intel\iCLS Client\;C:\Program Files\Intel\iCLS Client\;C:\Windows\system32;C:\Windows;C:\Windows\System32\Wbem;C:\Windows\System32\WindowsPowerShell\v1.0\;C:\Program Files\Intel\Intel(R) Management Engine Components\DAL;C:\Program Files\Intel\Intel(R) Management Engine Components\IPT;C:\Program Files (x86)\Intel\Intel(R) Management Engine Components\DAL;C:\Program Files (x86)\Intel\Intel(R) Management Engine Components\IPT;C:\Program Files (x86)\Intel\OpenCL SDK\2.0\bin\x86;C:\Program Files (x86)\Intel\OpenCL SDK\2.0\bin\x64;4.94066E-324ROOVY_HOME\bin;C:\pscp.exe;C:\Program Files\nodejs\;C:\Windows\Sun\Java\bin;C:\Windows\system32;C:\Windows;C:\ProgramData\Oracle\Java\javapath;C:\Program Files (x86)\NVIDIA Corporation\PhysX\Common;C:\Program Files (x86)\Intel\iCLS Client\;C:\Program Files\Intel\iCLS Client\;C:\Windows\system32;C:\Windows;C:\Windows\System32\Wbem;C:\Windows\System32\WindowsPowerShell\v1.0\;C:\Program Files\Intel\Intel(R) Management Engine Components\DAL;C:\Program Files\Intel\Intel(R) Management Engine Components\IPT;C:\Program Files (x86)\Intel\Intel(R) Management Engine Components\DAL;C:\Program Files (x86)\Intel\Intel(R) Management Engine Components\IPT;C:\Program Files (x86)\Intel\OpenCL SDK\2.0\bin\x86;C:\Program Files (x86)\Intel\OpenCL SDK\2.0\bin\x64;7.46033E-315ROOVY_HOME\bin;C:\pscp.exe;C:\Program Files\nodejs\;C:\Users\Personal\AppData\Roaming\npm
USERNAME=Roberto.Manaia
OS=Windows_NT
PROCESSOR_IDENTIFIER=Intel64 Family 6 Model 58 Stepping 9, GenuineIntel



---------------  S Y S T E M  ---------------

OS: Windows 7 , 64 bit Build 7601 Service Pack 1

CPU:total 8 (4 cores per cpu, 2 threads per core) family 6 model 58 stepping 9, cmov, cx8, fxsr, mmx, sse, sse2, sse3, ssse3, sse4.1, sse4.2, popcnt, avx, aes, erms, ht, tsc, tscinvbit, tscinv

Memory: 4k page, physical 8259640k(2583620k free), swap 8257788k(169244k free)

vm_info: Java HotSpot(TM) 64-Bit Server VM (24.65-b04) for windows-amd64 JRE (1.7.0_67-b01), built on Jul 25 2014 08:55:00 by "java_re" with unknown MS VC++:1600

time: Thu May 14 13:20:09 2015
elapsed time: 15 seconds

