#
# There is insufficient memory for the Java Runtime Environment to continue.
# Native memory allocation (malloc) failed to allocate 427376 bytes for Chunk::new
# Possible reasons:
#   The system is out of physical RAM or swap space
#   In 32 bit mode, the process size limit was hit
# Possible solutions:
#   Reduce memory load on the system
#   Increase physical memory or swap space
#   Check if swap backing store is full
#   Use 64 bit Java on a 64 bit OS
#   Decrease Java heap size (-Xmx/-Xms)
#   Decrease number of Java threads
#   Decrease Java thread stack sizes (-Xss)
#   Set larger code cache with -XX:ReservedCodeCacheSize=
# This output file may be truncated or incomplete.
#
#  Out of Memory Error (allocation.cpp:323), pid=2628, tid=5132
#
# JRE version: Java(TM) SE Runtime Environment (7.0_67-b01) (build 1.7.0_67-b01)
# Java VM: Java HotSpot(TM) 64-Bit Server VM (24.65-b04 mixed mode windows-amd64 compressed oops)
# Failed to write core dump. Minidumps are not enabled by default on client versions of Windows
#

---------------  T H R E A D  ---------------

Current thread (0x000000000c628000):  JavaThread "C2 CompilerThread1" daemon [_thread_in_native, id=5132, stack(0x000000000def0000,0x000000000dff0000)]

Stack: [0x000000000def0000,0x000000000dff0000]
[error occurred during error reporting (printing stack bounds), id 0xc0000005]


[error occurred during error reporting (printing native stack), id 0xc0000005]


Current CompileTask:
C2:  54834  812             org.codehaus.groovy.grails.io.support.GrailsResourceUtils::collectionToDelimitedString (90 bytes)


---------------  P R O C E S S  ---------------

Java Threads: ( => current thread )
  0x000000000c70c000 JavaThread "Thread-1" daemon [_thread_in_native, id=3788, stack(0x000000000e450000,0x000000000e550000)]
  0x000000000c66e000 JavaThread "Thread-0" daemon [_thread_blocked, id=7516, stack(0x000000000e690000,0x000000000e790000)]
  0x000000000c62e000 JavaThread "Service Thread" daemon [_thread_blocked, id=1756, stack(0x000000000dff0000,0x000000000e0f0000)]
=>0x000000000c628000 JavaThread "C2 CompilerThread1" daemon [_thread_in_native, id=5132, stack(0x000000000def0000,0x000000000dff0000)]
  0x000000000b68f000 JavaThread "C2 CompilerThread0" daemon [_thread_blocked, id=9008, stack(0x000000000dcb0000,0x000000000ddb0000)]
  0x000000000b68e000 JavaThread "Attach Listener" daemon [_thread_blocked, id=5160, stack(0x000000000da30000,0x000000000db30000)]
  0x000000000b68d800 JavaThread "Signal Dispatcher" daemon [_thread_blocked, id=8368, stack(0x000000000db40000,0x000000000dc40000)]
  0x00000000027be800 JavaThread "Finalizer" daemon [_thread_blocked, id=8812, stack(0x000000000d550000,0x000000000d650000)]
  0x00000000027b8000 JavaThread "Reference Handler" daemon [_thread_blocked, id=7484, stack(0x000000000d8f0000,0x000000000d9f0000)]
  0x0000000002728000 JavaThread "main" [_thread_in_native, id=8268, stack(0x0000000002a10000,0x0000000002b10000)]

Other Threads:
  0x000000000b66c800 VMThread [stack: 0x000000000d6e0000,0x000000000d7e0000] [id=8404]
  0x000000000c637000 WatcherThread [stack: 0x000000000ddb0000,0x000000000deb0000] [id=4592]

VM state:not at safepoint (normal execution)

VM Mutex/Monitor currently owned by a thread: None

Heap
 PSYoungGen      total 28160K, used 22022K [0x00000007d5f00000, 0x00000007d8d80000, 0x0000000800000000)
  eden space 26112K, 78% used [0x00000007d5f00000,0x00000007d72f2558,0x00000007d7880000)
  from space 2048K, 77% used [0x00000007d7900000,0x00000007d7a8f380,0x00000007d7b00000)
  to   space 10752K, 0% used [0x00000007d8300000,0x00000007d8300000,0x00000007d8d80000)
 ParOldGen       total 86016K, used 32366K [0x0000000781e00000, 0x0000000787200000, 0x00000007d5f00000)
  object space 86016K, 37% used [0x0000000781e00000,0x0000000783d9ba38,0x0000000787200000)
 PSPermGen       total 25600K, used 25379K [0x000000077cc00000, 0x000000077e500000, 0x0000000781e00000)
  object space 25600K, 99% used [0x000000077cc00000,0x000000077e4c8e10,0x000000077e500000)

Card table byte_map: [0x0000000005b10000,0x0000000005f30000] byte_map_base: 0x0000000001f2a000

Polling page: 0x0000000000140000

Code Cache  [0x0000000002b10000, 0x0000000002f40000, 0x0000000005b10000)
 total_blobs=1285 nmethods=743 adapters=493 free_code_cache=45054Kb largest_free_block=45999104

Compilation events (10 events):
Event: 54.417 Thread 0x000000000b68f000 nmethod 807 0x0000000002d69650 code [0x0000000002d698a0, 0x0000000002d6aa68]
Event: 54.560 Thread 0x000000000c628000  808             sun.reflect.ClassFileAssembler::emitShort (24 bytes)
Event: 54.562 Thread 0x000000000c628000 nmethod 808 0x0000000002d68f10 code [0x0000000002d69080, 0x0000000002d692f8]
Event: 54.615 Thread 0x000000000b68f000  809             groovy.lang.ExpandoMetaClass::invokeMethod (48 bytes)
Event: 54.615 Thread 0x000000000c628000  810             org.codehaus.groovy.runtime.MetaClassHelper::sameClasses (54 bytes)
Event: 54.616 Thread 0x000000000b68f000 nmethod 809 0x0000000002d71dd0 code [0x0000000002d71f20, 0x0000000002d71fe8]
Event: 54.616 Thread 0x000000000b68f000  811             org.codehaus.groovy.grails.io.support.GrailsResourceUtils::cleanPath (228 bytes)
Event: 54.618 Thread 0x000000000c628000 nmethod 810 0x0000000002d7de10 code [0x0000000002d7df60, 0x0000000002d7e198]
Event: 54.663 Thread 0x000000000c628000  812             org.codehaus.groovy.grails.io.support.GrailsResourceUtils::collectionToDelimitedString (90 bytes)
Event: 54.676 Thread 0x000000000b68f000 nmethod 811 0x0000000002ec3290 code [0x0000000002ec3600, 0x0000000002ec6300]

GC Heap History (10 events):
Event: 44.257 GC heap before
{Heap before GC invocations=13 (full 0):
 PSYoungGen      total 40448K, used 30438K [0x00000007d5f00000, 0x00000007d9300000, 0x0000000800000000)
  eden space 28672K, 100% used [0x00000007d5f00000,0x00000007d7b00000,0x00000007d7b00000)
  from space 11776K, 15% used [0x00000007d8780000,0x00000007d8939be8,0x00000007d9300000)
  to   space 12288K, 0% used [0x00000007d7b00000,0x00000007d7b00000,0x00000007d8700000)
 ParOldGen       total 86016K, used 24340K [0x0000000781e00000, 0x0000000787200000, 0x00000007d5f00000)
  object space 86016K, 28% used [0x0000000781e00000,0x00000007835c51b8,0x0000000787200000)
 PSPermGen       total 23040K, used 22831K [0x000000077cc00000, 0x000000077e280000, 0x0000000781e00000)
  object space 23040K, 99% used [0x000000077cc00000,0x000000077e24bd40,0x000000077e280000)
Event: 44.260 GC heap after
Heap after GC invocations=13 (full 0):
 PSYoungGen      total 30208K, used 2041K [0x00000007d5f00000, 0x00000007d9280000, 0x0000000800000000)
  eden space 28160K, 0% used [0x00000007d5f00000,0x00000007d5f00000,0x00000007d7a80000)
  from space 2048K, 99% used [0x00000007d7b00000,0x00000007d7cfe7c0,0x00000007d7d00000)
  to   space 12288K, 0% used [0x00000007d8680000,0x00000007d8680000,0x00000007d9280000)
 ParOldGen       total 86016K, used 25676K [0x0000000781e00000, 0x0000000787200000, 0x00000007d5f00000)
  object space 86016K, 29% used [0x0000000781e00000,0x00000007837131b8,0x0000000787200000)
 PSPermGen       total 23040K, used 22831K [0x000000077cc00000, 0x000000077e280000, 0x0000000781e00000)
  object space 23040K, 99% used [0x000000077cc00000,0x000000077e24bd40,0x000000077e280000)
}
Event: 45.707 GC heap before
{Heap before GC invocations=14 (full 0):
 PSYoungGen      total 30208K, used 30201K [0x00000007d5f00000, 0x00000007d9280000, 0x0000000800000000)
  eden space 28160K, 100% used [0x00000007d5f00000,0x00000007d7a80000,0x00000007d7a80000)
  from space 2048K, 99% used [0x00000007d7b00000,0x00000007d7cfe7c0,0x00000007d7d00000)
  to   space 12288K, 0% used [0x00000007d8680000,0x00000007d8680000,0x00000007d9280000)
 ParOldGen       total 86016K, used 25676K [0x0000000781e00000, 0x0000000787200000, 0x00000007d5f00000)
  object space 86016K, 29% used [0x0000000781e00000,0x00000007837131b8,0x0000000787200000)
 PSPermGen       total 23552K, used 23457K [0x000000077cc00000, 0x000000077e300000, 0x0000000781e00000)
  object space 23552K, 99% used [0x000000077cc00000,0x000000077e2e85c8,0x000000077e300000)
Event: 45.711 GC heap after
Heap after GC invocations=14 (full 0):
 PSYoungGen      total 38400K, used 2489K [0x00000007d5f00000, 0x00000007d9100000, 0x0000000800000000)
  eden space 27648K, 0% used [0x00000007d5f00000,0x00000007d5f00000,0x00000007d7a00000)
  from space 10752K, 23% used [0x00000007d8680000,0x00000007d88ee4e8,0x00000007d9100000)
  to   space 11776K, 0% used [0x00000007d7a00000,0x00000007d7a00000,0x00000007d8580000)
 ParOldGen       total 86016K, used 27420K [0x0000000781e00000, 0x0000000787200000, 0x00000007d5f00000)
  object space 86016K, 31% used [0x0000000781e00000,0x00000007838c7208,0x0000000787200000)
 PSPermGen       total 23552K, used 23457K [0x000000077cc00000, 0x000000077e300000, 0x0000000781e00000)
  object space 23552K, 99% used [0x000000077cc00000,0x000000077e2e85c8,0x000000077e300000)
}
Event: 46.453 GC heap before
{Heap before GC invocations=15 (full 0):
 PSYoungGen      total 38400K, used 30137K [0x00000007d5f00000, 0x00000007d9100000, 0x0000000800000000)
  eden space 27648K, 100% used [0x00000007d5f00000,0x00000007d7a00000,0x00000007d7a00000)
  from space 10752K, 23% used [0x00000007d8680000,0x00000007d88ee4e8,0x00000007d9100000)
  to   space 11776K, 0% used [0x00000007d7a00000,0x00000007d7a00000,0x00000007d8580000)
 ParOldGen       total 86016K, used 27420K [0x0000000781e00000, 0x0000000787200000, 0x00000007d5f00000)
  object space 86016K, 31% used [0x0000000781e00000,0x00000007838c7208,0x0000000787200000)
 PSPermGen       total 24064K, used 24063K [0x000000077cc00000, 0x000000077e380000, 0x0000000781e00000)
  object space 24064K, 99% used [0x000000077cc00000,0x000000077e37fe88,0x000000077e380000)
Event: 46.456 GC heap after
Heap after GC invocations=15 (full 0):
 PSYoungGen      total 29184K, used 1759K [0x00000007d5f00000, 0x00000007d8f80000, 0x0000000800000000)
  eden space 27136K, 0% used [0x00000007d5f00000,0x00000007d5f00000,0x00000007d7980000)
  from space 2048K, 85% used [0x00000007d7a00000,0x00000007d7bb7ec0,0x00000007d7c00000)
  to   space 11264K, 0% used [0x00000007d8480000,0x00000007d8480000,0x00000007d8f80000)
 ParOldGen       total 86016K, used 29486K [0x0000000781e00000, 0x0000000787200000, 0x00000007d5f00000)
  object space 86016K, 34% used [0x0000000781e00000,0x0000000783acba18,0x0000000787200000)
 PSPermGen       total 24064K, used 24063K [0x000000077cc00000, 0x000000077e380000, 0x0000000781e00000)
  object space 24064K, 99% used [0x000000077cc00000,0x000000077e37fe88,0x000000077e380000)
}
Event: 47.914 GC heap before
{Heap before GC invocations=16 (full 0):
 PSYoungGen      total 29184K, used 28895K [0x00000007d5f00000, 0x00000007d8f80000, 0x0000000800000000)
  eden space 27136K, 100% used [0x00000007d5f00000,0x00000007d7980000,0x00000007d7980000)
  from space 2048K, 85% used [0x00000007d7a00000,0x00000007d7bb7ec0,0x00000007d7c00000)
  to   space 11264K, 0% used [0x00000007d8480000,0x00000007d8480000,0x00000007d8f80000)
 ParOldGen       total 86016K, used 29486K [0x0000000781e00000, 0x0000000787200000, 0x00000007d5f00000)
  object space 86016K, 34% used [0x0000000781e00000,0x0000000783acba18,0x0000000787200000)
 PSPermGen       total 24576K, used 24474K [0x000000077cc00000, 0x000000077e400000, 0x0000000781e00000)
  object space 24576K, 99% used [0x000000077cc00000,0x000000077e3e68e0,0x000000077e400000)
Event: 47.917 GC heap after
Heap after GC invocations=16 (full 0):
 PSYoungGen      total 37376K, used 2240K [0x00000007d5f00000, 0x00000007d8f00000, 0x0000000800000000)
  eden space 26624K, 0% used [0x00000007d5f00000,0x00000007d5f00000,0x00000007d7900000)
  from space 10752K, 20% used [0x00000007d8480000,0x00000007d86b01b0,0x00000007d8f00000)
  to   space 11264K, 0% used [0x00000007d7900000,0x00000007d7900000,0x00000007d8400000)
 ParOldGen       total 86016K, used 30702K [0x0000000781e00000, 0x0000000787200000, 0x00000007d5f00000)
  object space 86016K, 35% used [0x0000000781e00000,0x0000000783bfba38,0x0000000787200000)
 PSPermGen       total 24576K, used 24474K [0x000000077cc00000, 0x000000077e400000, 0x0000000781e00000)
  object space 24576K, 99% used [0x000000077cc00000,0x000000077e3e68e0,0x000000077e400000)
}
Event: 49.197 GC heap before
{Heap before GC invocations=17 (full 0):
 PSYoungGen      total 37376K, used 28864K [0x00000007d5f00000, 0x00000007d8f00000, 0x0000000800000000)
  eden space 26624K, 100% used [0x00000007d5f00000,0x00000007d7900000,0x00000007d7900000)
  from space 10752K, 20% used [0x00000007d8480000,0x00000007d86b01b0,0x00000007d8f00000)
  to   space 11264K, 0% used [0x00000007d7900000,0x00000007d7900000,0x00000007d8400000)
 ParOldGen       total 86016K, used 30702K [0x0000000781e00000, 0x0000000787200000, 0x00000007d5f00000)
  object space 86016K, 35% used [0x0000000781e00000,0x0000000783bfba38,0x0000000787200000)
 PSPermGen       total 25088K, used 24991K [0x000000077cc00000, 0x000000077e480000, 0x0000000781e00000)
  object space 25088K, 99% used [0x000000077cc00000,0x000000077e467ce8,0x000000077e480000)
Event: 49.201 GC heap after
Heap after GC invocations=17 (full 0):
 PSYoungGen      total 28160K, used 1596K [0x00000007d5f00000, 0x00000007d8d80000, 0x0000000800000000)
  eden space 26112K, 0% used [0x00000007d5f00000,0x00000007d5f00000,0x00000007d7880000)
  from space 2048K, 77% used [0x00000007d7900000,0x00000007d7a8f380,0x00000007d7b00000)
  to   space 10752K, 0% used [0x00000007d8300000,0x00000007d8300000,0x00000007d8d80000)
 ParOldGen       total 86016K, used 32366K [0x0000000781e00000, 0x0000000787200000, 0x00000007d5f00000)
  object space 86016K, 37% used [0x0000000781e00000,0x0000000783d9ba38,0x0000000787200000)
 PSPermGen       total 25088K, used 24991K [0x000000077cc00000, 0x000000077e480000, 0x0000000781e00000)
  object space 25088K, 99% used [0x000000077cc00000,0x000000077e467ce8,0x000000077e480000)
}

Deoptimization events (10 events):
Event: 46.802 Thread 0x0000000002728000 Uncommon trap: reason=unreached action=reinterpret pc=0x0000000002dc4e68 method=java.net.URLStreamHandler.sameFile(Ljava/net/URL;Ljava/net/URL;)Z @ 8
Event: 48.238 Thread 0x0000000002728000 Uncommon trap: reason=predicate action=maybe_recompile pc=0x0000000002d43828 method=java.util.Arrays.fill([Ljava/lang/Object;Ljava/lang/Object;)V @ 10
Event: 48.658 Thread 0x0000000002728000 Uncommon trap: reason=null_check action=make_not_entrant pc=0x0000000002f0e5e4 method=java.beans.PropertyDescriptor.setWriteMethod(Ljava/lang/reflect/Method;)V @ 60
Event: 49.734 Thread 0x0000000002728000 Uncommon trap: reason=class_check action=maybe_recompile pc=0x0000000002e656d4 method=java.util.Collections$UnmodifiableCollection$1.<init>(Ljava/util/Collections$UnmodifiableCollection;)V @ 17
Event: 49.734 Thread 0x0000000002728000 Uncommon trap: reason=class_check action=maybe_recompile pc=0x0000000002e5dad8 method=java.util.Collections$UnmodifiableCollection$1.hasNext()Z @ 4
Event: 49.734 Thread 0x0000000002728000 Uncommon trap: reason=class_check action=maybe_recompile pc=0x0000000002e61ce0 method=java.util.Collections$UnmodifiableCollection$1.next()Ljava/lang/Object; @ 4
Event: 52.433 Thread 0x0000000002728000 Uncommon trap: reason=array_check action=maybe_recompile pc=0x0000000002d0a274 method=java.util.Arrays.fill([Ljava/lang/Object;Ljava/lang/Object;)V @ 13
Event: 52.433 Thread 0x0000000002728000 Uncommon trap: reason=array_check action=maybe_recompile pc=0x0000000002d0a274 method=java.util.Arrays.fill([Ljava/lang/Object;Ljava/lang/Object;)V @ 13
Event: 52.920 Thread 0x0000000002728000 Uncommon trap: reason=array_check action=maybe_recompile pc=0x0000000002d0a274 method=java.util.Arrays.fill([Ljava/lang/Object;Ljava/lang/Object;)V @ 13
Event: 52.921 Thread 0x0000000002728000 Uncommon trap: reason=array_check action=maybe_recompile pc=0x0000000002d0a274 method=java.util.Arrays.fill([Ljava/lang/Object;Ljava/lang/Object;)V @ 13

Internal exceptions (10 events):
Event: 53.596 Thread 0x0000000002728000 Threw 0x00000007d6d72d08 at C:\re\jdk7u67\1368\hotspot\src\share\vm\prims\jvm.cpp:1244
Event: 53.796 Thread 0x0000000002728000 Threw 0x00000007d6d954b8 at C:\re\jdk7u67\1368\hotspot\src\share\vm\prims\jvm.cpp:1244
Event: 53.870 Thread 0x0000000002728000 Threw 0x00000007d6db9300 at C:\re\jdk7u67\1368\hotspot\src\share\vm\prims\jvm.cpp:1244
Event: 53.911 Thread 0x0000000002728000 Threw 0x00000007d6dda930 at C:\re\jdk7u67\1368\hotspot\src\share\vm\prims\jvm.cpp:1244
Event: 54.063 Thread 0x0000000002728000 Threw 0x00000007d6dfc658 at C:\re\jdk7u67\1368\hotspot\src\share\vm\prims\jvm.cpp:1244
Event: 54.238 Thread 0x0000000002728000 Threw 0x00000007d6e1f240 at C:\re\jdk7u67\1368\hotspot\src\share\vm\prims\jvm.cpp:1244
Event: 54.271 Thread 0x0000000002728000 Threw 0x00000007d6e404f8 at C:\re\jdk7u67\1368\hotspot\src\share\vm\prims\jvm.cpp:1244
Event: 54.290 Thread 0x0000000002728000 Threw 0x00000007d6e64ce8 at C:\re\jdk7u67\1368\hotspot\src\share\vm\prims\jvm.cpp:1244
Event: 54.379 Thread 0x0000000002728000 Threw 0x00000007d6e88200 at C:\re\jdk7u67\1368\hotspot\src\share\vm\prims\jvm.cpp:1244
Event: 54.413 Thread 0x0000000002728000 Threw 0x00000007d6ead4a0 at C:\re\jdk7u67\1368\hotspot\src\share\vm\prims\jvm.cpp:1244

Events (10 events):
Event: 52.969 loading class 0x0000000010143dd0
Event: 52.969 loading class 0x0000000010143dd0 done
Event: 52.969 loading class 0x0000000010143cd0
Event: 52.969 loading class 0x0000000010143cd0 done
Event: 52.969 loading class 0x0000000010143cd0
Event: 52.969 loading class 0x0000000010143cd0 done
Event: 52.969 loading class 0x0000000010143cd0
Event: 52.969 loading class 0x0000000010143cd0 done
Event: 53.562 Thread 0x000000000b68f000 flushing nmethod 0x0000000002eb4c90
Event: 54.676 Thread 0x000000000b68f000 flushing nmethod 0x0000000002cc6090


Dynamic libraries:
0x000000013f620000 - 0x000000013f653000 	C:\Program Files\Java\jdk1.7.0_67\bin\javaw.exe
0x0000000076f50000 - 0x00000000770f9000 	C:\Windows\SYSTEM32\ntdll.dll
0x0000000076e30000 - 0x0000000076f4f000 	C:\Windows\system32\kernel32.dll
0x000007fefcdf0000 - 0x000007fefce5c000 	C:\Windows\system32\KERNELBASE.dll
0x000007fefd1e0000 - 0x000007fefd2bb000 	C:\Windows\system32\ADVAPI32.dll
0x000007fefe1c0000 - 0x000007fefe25f000 	C:\Windows\system32\msvcrt.dll
0x000007fefe4d0000 - 0x000007fefe4ef000 	C:\Windows\SYSTEM32\sechost.dll
0x000007fefe360000 - 0x000007fefe48d000 	C:\Windows\system32\RPCRT4.dll
0x0000000076d30000 - 0x0000000076e2a000 	C:\Windows\system32\USER32.dll
0x000007fefe270000 - 0x000007fefe2d7000 	C:\Windows\system32\GDI32.dll
0x000007fefe4c0000 - 0x000007fefe4ce000 	C:\Windows\system32\LPK.dll
0x000007fefe850000 - 0x000007fefe919000 	C:\Windows\system32\USP10.dll
0x000007fefb8f0000 - 0x000007fefbae4000 	C:\Windows\WinSxS\amd64_microsoft.windows.common-controls_6595b64144ccf1df_6.0.7601.17514_none_fa396087175ac9ac\COMCTL32.dll
0x000007fefe2e0000 - 0x000007fefe351000 	C:\Windows\system32\SHLWAPI.dll
0x000007fefe490000 - 0x000007fefe4be000 	C:\Windows\system32\IMM32.DLL
0x000007fefd0d0000 - 0x000007fefd1d9000 	C:\Windows\system32\MSCTF.dll
0x0000000065120000 - 0x00000000651f2000 	C:\Program Files\Java\jdk1.7.0_67\jre\bin\msvcr100.dll
0x0000000051f40000 - 0x0000000052712000 	C:\Program Files\Java\jdk1.7.0_67\jre\bin\server\jvm.dll
0x000007fef8d70000 - 0x000007fef8d79000 	C:\Windows\system32\WSOCK32.dll
0x000007fefe170000 - 0x000007fefe1bd000 	C:\Windows\system32\WS2_32.dll
0x000007fefe260000 - 0x000007fefe268000 	C:\Windows\system32\NSI.dll
0x000007fef9fe0000 - 0x000007fefa01b000 	C:\Windows\system32\WINMM.dll
0x0000000077120000 - 0x0000000077127000 	C:\Windows\system32\PSAPI.DLL
0x000000006a9b0000 - 0x000000006a9bf000 	C:\Program Files\Java\jdk1.7.0_67\jre\bin\verify.dll
0x000000006a050000 - 0x000000006a078000 	C:\Program Files\Java\jdk1.7.0_67\jre\bin\java.dll
0x000000006a850000 - 0x000000006a865000 	C:\Program Files\Java\jdk1.7.0_67\jre\bin\zip.dll
0x000000006a4c0000 - 0x000000006a4d9000 	C:\Program Files\Java\jdk1.7.0_67\jre\bin\net.dll
0x000007fefc4f0000 - 0x000007fefc545000 	C:\Windows\system32\mswsock.dll
0x000007fefc4e0000 - 0x000007fefc4e7000 	C:\Windows\System32\wship6.dll
0x000007fefa760000 - 0x000007fefa775000 	C:\Windows\system32\NLAapi.dll
0x000007fef4ef0000 - 0x000007fef4f05000 	C:\Windows\system32\napinsp.dll
0x000007fef9480000 - 0x000007fef9499000 	C:\Windows\system32\pnrpnsp.dll
0x000007fefc370000 - 0x000007fefc3cb000 	C:\Windows\system32\DNSAPI.dll
0x000007fef9470000 - 0x000007fef947b000 	C:\Windows\System32\winrnr.dll
0x000007fefbeb0000 - 0x000007fefbeb7000 	C:\Windows\System32\wshtcpip.dll
0x000007fef9b70000 - 0x000007fef9b97000 	C:\Windows\system32\IPHLPAPI.DLL
0x000007fef9b60000 - 0x000007fef9b6b000 	C:\Windows\system32\WINNSI.DLL
0x000007fef92f0000 - 0x000007fef92f8000 	C:\Windows\system32\rasadhlp.dll
0x000007fef6fb0000 - 0x000007fef7003000 	C:\Windows\System32\fwpuclnt.dll
0x000000006a150000 - 0x000000006a161000 	C:\Program Files\Java\jdk1.7.0_67\jre\bin\nio.dll
0x000007fefc550000 - 0x000007fefc567000 	C:\Windows\system32\CRYPTSP.dll
0x000007fefc250000 - 0x000007fefc297000 	C:\Windows\system32\rsaenh.dll
0x000007fefcd80000 - 0x000007fefcd9e000 	C:\Windows\system32\USERENV.dll
0x000007fefcd20000 - 0x000007fefcd2f000 	C:\Windows\system32\profapi.dll
0x000007fefcbb0000 - 0x000007fefcbbf000 	C:\Windows\system32\CRYPTBASE.dll
0x000007fef6830000 - 0x000007fef6841000 	C:\Windows\system32\dhcpcsvc6.DLL
0x000007fef6cc0000 - 0x000007fef6cd8000 	C:\Windows\system32\dhcpcsvc.DLL

VM Arguments:
jvm_args: -Dgrails.home=C:\Users\Personal\Desktop\ggts-bundle\grails-2.3.7\ -Dfile.encoding=UTF-8 -Dtools.jar=C:\Program Files\Java\jdk1.7.0_67\lib\tools.jar -Djline.terminal=jline.UnsupportedTerminal 
java_command: org.codehaus.groovy.grails.cli.support.GrailsStarter --main org.grails.ide.eclipse.longrunning.process.GrailsProcess --conf C:\Users\Personal\Desktop\ggts-bundle\grails-2.3.7\/conf/groovy-starter.conf --classpath /C:/Users/Personal/Desktop/ggts-bundle/ggts-3.6.0.RELEASE/configuration/org.eclipse.osgi/863/0/.cp/;/C:/Users/Personal/Desktop/ggts-bundle/ggts-3.6.0.RELEASE/configuration/org.eclipse.osgi/865/0/.cp/ --is14
Launcher Type: SUN_STANDARD

Environment Variables:
PATH=C:\ProgramData\Oracle\Java\javapath;C:\Program Files (x86)\NVIDIA Corporation\PhysX\Common;C:\Program Files (x86)\Intel\iCLS Client\;C:\Program Files\Intel\iCLS Client\;C:\Windows\system32;C:\Windows;C:\Windows\System32\Wbem;C:\Windows\System32\WindowsPowerShell\v1.0\;C:\Program Files\Intel\Intel(R) Management Engine Components\DAL;C:\Program Files\Intel\Intel(R) Management Engine Components\IPT;C:\Program Files (x86)\Intel\Intel(R) Management Engine Components\DAL;C:\Program Files (x86)\Intel\Intel(R) Management Engine Components\IPT;C:\Program Files (x86)\Intel\OpenCL SDK\2.0\bin\x86;C:\Program Files (x86)\Intel\OpenCL SDK\2.0\bin\x64;4.94066E-324ROOVY_HOME\bin;C:\pscp.exe;C:\Program Files\nodejs\;C:\Users\Personal\AppData\Roaming\npm
USERNAME=Personal
OS=Windows_NT
PROCESSOR_IDENTIFIER=Intel64 Family 6 Model 58 Stepping 9, GenuineIntel



---------------  S Y S T E M  ---------------

OS: Windows 7 , 64 bit Build 7601 Service Pack 1

CPU:total 8 (4 cores per cpu, 2 threads per core) family 6 model 58 stepping 9, cmov, cx8, fxsr, mmx, sse, sse2, sse3, ssse3, sse4.1, sse4.2, popcnt, avx, aes, erms, ht, tsc, tscinvbit, tscinv

Memory: 4k page, physical 8259640k(2435072k free), swap 8257784k(4928k free)

vm_info: Java HotSpot(TM) 64-Bit Server VM (24.65-b04) for windows-amd64 JRE (1.7.0_67-b01), built on Jul 25 2014 08:55:00 by "java_re" with unknown MS VC++:1600

time: Fri Mar 06 13:28:46 2015
elapsed time: 55 seconds

